c:\users\soniczero46\documents\visual studio 2013\projects\consoleapplication7\consoleapplication7\debug\vc120.pdb
c:\users\soniczero46\documents\visual studio 2013\projects\consoleapplication7\consoleapplication7\debug\.netframework,version=v4.5.assemblyattributes.obj
c:\users\soniczero46\documents\visual studio 2013\projects\consoleapplication7\consoleapplication7\debug\consoleapplication7.pch
c:\users\soniczero46\documents\visual studio 2013\projects\consoleapplication7\consoleapplication7\debug\stdafx.obj
c:\users\soniczero46\documents\visual studio 2013\projects\consoleapplication7\consoleapplication7\debug\myform.obj
c:\users\soniczero46\documents\visual studio 2013\projects\consoleapplication7\consoleapplication7\debug\consoleapplication7.obj
c:\users\soniczero46\documents\visual studio 2013\projects\consoleapplication7\consoleapplication7\debug\assemblyinfo.obj
c:\users\soniczero46\documents\visual studio 2013\projects\consoleapplication7\consoleapplication7\debug\myform1.obj
c:\users\soniczero46\documents\visual studio 2013\projects\consoleapplication7\consoleapplication7\debug\consoleapplication7.myform.resources
c:\users\soniczero46\documents\visual studio 2013\projects\consoleapplication7\consoleapplication7\debug\consoleapplication7.myform1.resources
c:\users\soniczero46\documents\visual studio 2013\projects\consoleapplication7\debug\consoleapplication7.exe
c:\users\soniczero46\documents\visual studio 2013\projects\consoleapplication7\debug\consoleapplication7.pdb
c:\users\soniczero46\documents\visual studio 2013\projects\consoleapplication7\consoleapplication7\debug\consolea.21ae31be.tlog\metagen.write.1.tlog
c:\users\soniczero46\documents\visual studio 2013\projects\consoleapplication7\consoleapplication7\debug\app.res
c:\users\soniczero46\documents\visual studio 2013\projects\consoleapplication7\consoleapplication7\debug\consoleapplication7.vcxproj.generateresource.cache
c:\users\soniczero46\documents\visual studio 2013\projects\consoleapplication7\consoleapplication7\debug\consoleapplication7.vcxprojresolveassemblyreference.cache
c:\users\soniczero46\documents\visual studio 2013\projects\consoleapplication7\consoleapplication7\debug\consolea.21ae31be.tlog\cl.command.1.tlog
c:\users\soniczero46\documents\visual studio 2013\projects\consoleapplication7\consoleapplication7\debug\consolea.21ae31be.tlog\cl.read.1.tlog
c:\users\soniczero46\documents\visual studio 2013\projects\consoleapplication7\consoleapplication7\debug\consolea.21ae31be.tlog\cl.write.1.tlog
c:\users\soniczero46\documents\visual studio 2013\projects\consoleapplication7\consoleapplication7\debug\consolea.21ae31be.tlog\consoleapplication7.write.1u.tlog
c:\users\soniczero46\documents\visual studio 2013\projects\consoleapplication7\consoleapplication7\debug\consolea.21ae31be.tlog\link.command.1.tlog
c:\users\soniczero46\documents\visual studio 2013\projects\consoleapplication7\consoleapplication7\debug\consolea.21ae31be.tlog\link.read.1.tlog
c:\users\soniczero46\documents\visual studio 2013\projects\consoleapplication7\consoleapplication7\debug\consolea.21ae31be.tlog\link.write.1.tlog
c:\users\soniczero46\documents\visual studio 2013\projects\consoleapplication7\consoleapplication7\debug\consolea.21ae31be.tlog\metagen.read.1.tlog
c:\users\soniczero46\documents\visual studio 2013\projects\consoleapplication7\consoleapplication7\debug\consolea.21ae31be.tlog\rc.command.1.tlog
c:\users\soniczero46\documents\visual studio 2013\projects\consoleapplication7\consoleapplication7\debug\consolea.21ae31be.tlog\rc.read.1.tlog
c:\users\soniczero46\documents\visual studio 2013\projects\consoleapplication7\consoleapplication7\debug\consolea.21ae31be.tlog\rc.write.1.tlog
c:\users\soniczero46\documents\visual studio 2013\projects\consoleapplication7\consoleapplication7\debug\consolea.21ae31be.tlog\stdole.dll.metagen
c:\users\soniczero46\documents\visual studio 2013\projects\consoleapplication7\consoleapplication7\debug\consolea.21ae31be.tlog\tzres.dll.bi
