Build started 3/3/2015 1:27:20 PM.
     1>Project "C:\Users\SonicZero46\documents\visual studio 2013\Projects\ConsoleApplication7\ConsoleApplication7\ConsoleApplication7.vcxproj" on node 2 (Build target(s)).
     1>ClCompile:
         C:\Program Files (x86)\Microsoft Visual Studio 12.0\VC\bin\CL.exe /c /AI"C:\Program Files (x86)\Reference Assemblies\Microsoft\Framework\.NETFramework\v4.5\\" /AI"C:\Program Files (x86)\Windows Kits\8.1\References\CommonConfiguration\Neutral" /AI"C:\Program Files (x86)\Reference Assemblies\Microsoft\Framework\.NETFramework\v4.5\Facades\\" /Zi /clr /nologo /W3 /WX- /Od /Oy- /D WIN32 /D _DEBUG /D _UNICODE /D UNICODE /EHa /MDd /GS /fp:precise /Zc:wchar_t /Zc:forScope /Yu"stdafx.h" /Fp"Debug\ConsoleApplication7.pch" /Fo"Debug\\" /Fd"Debug\vc120.pdb" /TP /FU"C:\Program Files (x86)\Reference Assemblies\Microsoft\Framework\.NETFramework\v4.5\Microsoft.VisualBasic.Compatibility.dll" /FU"C:\Program Files (x86)\Reference Assemblies\Microsoft\Framework\.NETFramework\v4.5\Microsoft.VisualBasic.dll" /FU"C:\Program Files (x86)\Reference Assemblies\Microsoft\Framework\.NETFramework\v4.5\mscorlib.dll" /FU"C:\Program Files (x86)\Common Files\Microsoft Shared\MSEnv\PublicAssemblies\stdole.dll" /FU"C:\Program Files (x86)\Reference Assemblies\Microsoft\Framework\.NETFramework\v4.5\System.Data.dll" /FU"C:\Program Files (x86)\Reference Assemblies\Microsoft\Framework\.NETFramework\v4.5\System.Design.dll" /FU"C:\Program Files (x86)\Reference Assemblies\Microsoft\Framework\.NETFramework\v4.5\System.dll" /FU"C:\Program Files (x86)\Reference Assemblies\Microsoft\Framework\.NETFramework\v4.5\System.Drawing.dll" /FU"C:\Program Files (x86)\Reference Assemblies\Microsoft\Framework\.NETFramework\v4.5\System.Web.dll" /FU"C:\Program Files (x86)\Reference Assemblies\Microsoft\Framework\.NETFramework\v4.5\System.Windows.Forms.dll" /FU"C:\Program Files (x86)\Reference Assemblies\Microsoft\Framework\.NETFramework\v4.5\System.Xml.dll" /analyze- /errorReport:prompt /clr:nostdlib ConsoleApplication7.cpp MyForm.cpp
         ConsoleApplication7.cpp
     1>c:\users\soniczero46\documents\visual studio 2013\projects\consoleapplication7\consoleapplication7\MyForm.h(359): warning C4286: 'System::Net::WebException ^' : is caught by base class ('System::Exception ^') on line 352
     1>c:\users\soniczero46\documents\visual studio 2013\projects\consoleapplication7\consoleapplication7\MyForm.h(272): warning C4101: 'id' : unreferenced local variable
     1>c:\users\soniczero46\documents\visual studio 2013\projects\consoleapplication7\consoleapplication7\MyForm.h(273): warning C4101: 'element' : unreferenced local variable
     1>c:\users\soniczero46\documents\visual studio 2013\projects\consoleapplication7\consoleapplication7\MyForm.h(270): warning C4101: 'line' : unreferenced local variable
     1>c:\users\soniczero46\documents\visual studio 2013\projects\consoleapplication7\consoleapplication7\MyForm.h(384): warning C4101: 'e' : unreferenced local variable
         MyForm.cpp
     1>c:\users\soniczero46\documents\visual studio 2013\projects\consoleapplication7\consoleapplication7\MyForm.h(359): warning C4286: 'System::Net::WebException ^' : is caught by base class ('System::Exception ^') on line 352
     1>c:\users\soniczero46\documents\visual studio 2013\projects\consoleapplication7\consoleapplication7\MyForm.h(272): warning C4101: 'id' : unreferenced local variable
     1>c:\users\soniczero46\documents\visual studio 2013\projects\consoleapplication7\consoleapplication7\MyForm.h(273): warning C4101: 'element' : unreferenced local variable
     1>c:\users\soniczero46\documents\visual studio 2013\projects\consoleapplication7\consoleapplication7\MyForm.h(270): warning C4101: 'line' : unreferenced local variable
     1>c:\users\soniczero46\documents\visual studio 2013\projects\consoleapplication7\consoleapplication7\MyForm.h(384): warning C4101: 'e' : unreferenced local variable
         Generating Code...
       Link:
         C:\Program Files (x86)\Microsoft Visual Studio 12.0\VC\bin\link.exe /ERRORREPORT:PROMPT /OUT:"C:\Users\SonicZero46\documents\visual studio 2013\Projects\ConsoleApplication7\Debug\ConsoleApplication7.exe" /INCREMENTAL /NOLOGO /ASSEMBLYRESOURCE:Debug\ConsoleApplication7.MyForm.resources /MANIFEST /MANIFESTUAC:"level='asInvoker' uiAccess='false'" /manifest:embed /DEBUG /PDB:"C:\Users\SonicZero46\documents\visual studio 2013\Projects\ConsoleApplication7\Debug\ConsoleApplication7.pdb" /ASSEMBLYDEBUG /SUBSYSTEM:CONSOLE /TLBID:1 /DYNAMICBASE /FIXED:NO /NXCOMPAT /MACHINE:X86 Debug\app.res
         Debug\AssemblyInfo.obj
         Debug\ConsoleApplication7.obj
         Debug\MyForm.obj
         Debug\MyForm1.obj
         Debug\stdafx.obj
         "Debug\.NETFramework,Version=v4.5.AssemblyAttributes.obj"
         ConsoleApplication7.vcxproj -> C:\Users\SonicZero46\documents\visual studio 2013\Projects\ConsoleApplication7\Debug\ConsoleApplication7.exe
     1>Done Building Project "C:\Users\SonicZero46\documents\visual studio 2013\Projects\ConsoleApplication7\ConsoleApplication7\ConsoleApplication7.vcxproj" (Build target(s)).

Build succeeded.

Time Elapsed 00:00:02.89
